# JRE version: OpenJDK Runtime Environment (11.0.13) (build 11.0.13+0-b1751.21-8125866)
# Java VM: OpenJDK 64-Bit Server VM (11.0.13+0-b1751.21-8125866, mixed mode, tiered, compressed oops, g1 gc, windows-amd64)
Heap:
 garbage-first heap   total 118784K, used 70038K [0x0000000080000000, 0x0000000100000000)
  region size 1024K, 17 young (17408K), 3 survivors (3072K)
 Metaspace       used 66667K, capacity 68210K, committed 68436K, reserved 1110016K
  class space    used 8359K, capacity 8971K, committed 9088K, reserved 1048576K
GC Heap History (20 events):
Event: 9.971 GC heap before
{Heap before GC invocations=7 (full 0):
 garbage-first heap   total 98304K, used 37732K [0x0000000080000000, 0x0000000100000000)
  region size 1024K, 22 young (22528K), 4 survivors (4096K)
 Metaspace       used 35051K, capacity 35751K, committed 35920K, reserved 1081344K
  class space    used 4495K, capacity 4788K, committed 4864K, reserved 1048576K
}
Event: 9.984 GC heap after
{Heap after GC invocations=8 (full 0):
 garbage-first heap   total 98304K, used 22531K [0x0000000080000000, 0x0000000100000000)
  region size 1024K, 6 young (6144K), 6 survivors (6144K)
 Metaspace       used 35051K, capacity 35751K, committed 35920K, reserved 1081344K
  class space    used 4495K, capacity 4788K, committed 4864K, reserved 1048576K
}
Event: 11.690 GC heap before
{Heap before GC invocations=9 (full 0):
 garbage-first heap   total 98304K, used 72707K [0x0000000080000000, 0x0000000100000000)
  region size 1024K, 52 young (53248K), 6 survivors (6144K)
 Metaspace       used 39317K, capacity 40193K, committed 40528K, reserved 1085440K
  class space    used 4949K, capacity 5262K, committed 5376K, reserved 1048576K
}
Event: 11.778 GC heap after
{Heap after GC invocations=10 (full 0):
 garbage-first heap   total 118784K, used 26370K [0x0000000080000000, 0x0000000100000000)
  region size 1024K, 7 young (7168K), 7 survivors (7168K)
 Metaspace       used 39317K, capacity 40193K, committed 40528K, reserved 1085440K
  class space    used 4949K, capacity 5262K, committed 5376K, reserved 1048576K
}
Event: 15.627 GC heap before
{Heap before GC invocations=10 (full 0):
 garbage-first heap   total 118784K, used 82690K [0x0000000080000000, 0x0000000100000000)
  region size 1024K, 61 young (62464K), 7 survivors (7168K)
 Metaspace       used 44068K, capacity 45094K, committed 45264K, reserved 1089536K
  class space    used 5536K, capacity 5925K, committed 6016K, reserved 1048576K
}
Event: 15.641 GC heap after
{Heap after GC invocations=11 (full 0):
 garbage-first heap   total 118784K, used 29280K [0x0000000080000000, 0x0000000100000000)
  region size 1024K, 7 young (7168K), 7 survivors (7168K)
 Metaspace       used 44068K, capacity 45094K, committed 45264K, reserved 1089536K
  class space    used 5536K, capacity 5925K, committed 6016K, reserved 1048576K
}
Event: 17.342 GC heap before
{Heap before GC invocations=11 (full 0):
 garbage-first heap   total 118784K, used 84576K [0x0000000080000000, 0x0000000100000000)
  region size 1024K, 61 young (62464K), 7 survivors (7168K)
 Metaspace       used 47889K, capacity 48999K, committed 49104K, reserved 1091584K
  class space    used 6069K, capacity 6527K, committed 6528K, reserved 1048576K
}
Event: 17.349 GC heap after
{Heap after GC invocations=12 (full 0):
 garbage-first heap   total 118784K, used 32073K [0x0000000080000000, 0x0000000100000000)
  region size 1024K, 6 young (6144K), 6 survivors (6144K)
 Metaspace       used 47889K, capacity 48999K, committed 49104K, reserved 1091584K
  class space    used 6069K, capacity 6527K, committed 6528K, reserved 1048576K
}
Event: 19.172 GC heap before
{Heap before GC invocations=12 (full 0):
 garbage-first heap   total 118784K, used 91465K [0x0000000080000000, 0x0000000100000000)
  region size 1024K, 60 young (61440K), 6 survivors (6144K)
 Metaspace       used 50388K, capacity 51710K, committed 51792K, reserved 1093632K
  class space    used 6361K, capacity 6863K, committed 6912K, reserved 1048576K
}
Event: 19.181 GC heap after
{Heap after GC invocations=13 (full 0):
 garbage-first heap   total 118784K, used 44889K [0x0000000080000000, 0x0000000100000000)
  region size 1024K, 8 young (8192K), 8 survivors (8192K)
 Metaspace       used 50388K, capacity 51710K, committed 51792K, reserved 1093632K
  class space    used 6361K, capacity 6863K, committed 6912K, reserved 1048576K
}
Event: 20.426 GC heap before
{Heap before GC invocations=13 (full 0):
 garbage-first heap   total 118784K, used 89945K [0x0000000080000000, 0x0000000100000000)
  region size 1024K, 52 young (53248K), 8 survivors (8192K)
 Metaspace       used 56873K, capacity 58258K, committed 58448K, reserved 1099776K
  class space    used 7113K, capacity 7637K, committed 7680K, reserved 1048576K
}
Event: 20.431 GC heap after
{Heap after GC invocations=14 (full 0):
 garbage-first heap   total 118784K, used 46634K [0x0000000080000000, 0x0000000100000000)
  region size 1024K, 2 young (2048K), 2 survivors (2048K)
 Metaspace       used 56873K, capacity 58258K, committed 58448K, reserved 1099776K
  class space    used 7113K, capacity 7637K, committed 7680K, reserved 1048576K
}
Event: 20.843 GC heap before
{Heap before GC invocations=14 (full 0):
 garbage-first heap   total 118784K, used 63018K [0x0000000080000000, 0x0000000100000000)
  region size 1024K, 19 young (19456K), 2 survivors (2048K)
 Metaspace       used 58790K, capacity 60150K, committed 60240K, reserved 1101824K
  class space    used 7363K, capacity 7900K, committed 7936K, reserved 1048576K
}
Event: 20.848 GC heap after
{Heap after GC invocations=15 (full 0):
 garbage-first heap   total 118784K, used 47141K [0x0000000080000000, 0x0000000100000000)
  region size 1024K, 3 young (3072K), 3 survivors (3072K)
 Metaspace       used 58790K, capacity 60150K, committed 60240K, reserved 1101824K
  class space    used 7363K, capacity 7900K, committed 7936K, reserved 1048576K
}
Event: 21.742 GC heap before
{Heap before GC invocations=16 (full 0):
 garbage-first heap   total 118784K, used 93221K [0x0000000080000000, 0x0000000100000000)
  region size 1024K, 42 young (43008K), 3 survivors (3072K)
 Metaspace       used 62779K, capacity 64224K, committed 64468K, reserved 1105920K
  class space    used 7860K, capacity 8401K, committed 8448K, reserved 1048576K
}
Event: 21.750 GC heap after
{Heap after GC invocations=17 (full 0):
 garbage-first heap   total 118784K, used 51229K [0x0000000080000000, 0x0000000100000000)
  region size 1024K, 6 young (6144K), 6 survivors (6144K)
 Metaspace       used 62779K, capacity 64224K, committed 64468K, reserved 1105920K
  class space    used 7860K, capacity 8401K, committed 8448K, reserved 1048576K
}
Event: 22.461 GC heap before
{Heap before GC invocations=18 (full 0):
 garbage-first heap   total 118784K, used 89117K [0x0000000080000000, 0x0000000100000000)
  region size 1024K, 43 young (44032K), 6 survivors (6144K)
 Metaspace       used 65505K, capacity 66883K, committed 67156K, reserved 1107968K
  class space    used 8199K, capacity 8766K, committed 8832K, reserved 1048576K
}
Event: 22.470 GC heap after
{Heap after GC invocations=19 (full 0):
 garbage-first heap   total 118784K, used 54537K [0x0000000080000000, 0x0000000100000000)
  region size 1024K, 4 young (4096K), 4 survivors (4096K)
 Metaspace       used 65505K, capacity 66883K, committed 67156K, reserved 1107968K
  class space    used 8199K, capacity 8766K, committed 8832K, reserved 1048576K
}
Event: 22.958 GC heap before
{Heap before GC invocations=19 (full 0):
 garbage-first heap   total 118784K, used 91401K [0x0000000080000000, 0x0000000100000000)
  region size 1024K, 40 young (40960K), 4 survivors (4096K)
 Metaspace       used 66388K, capacity 67890K, committed 68052K, reserved 1107968K
  class space    used 8335K, capacity 8907K, committed 8960K, reserved 1048576K
}
Event: 22.963 GC heap after
{Heap after GC invocations=20 (full 0):
 garbage-first heap   total 118784K, used 56726K [0x0000000080000000, 0x0000000100000000)
  region size 1024K, 3 young (3072K), 3 survivors (3072K)
 Metaspace       used 66388K, capacity 67890K, committed 68052K, reserved 1107968K
  class space    used 8335K, capacity 8907K, committed 8960K, reserved 1048576K
}

